Arguments: 
  C:\Program Files\nodejs\node.exe C:\Users\watsen\AppData\Roaming\npm\node_modules\yarn\bin\yarn.js add --dev jest babel-jest

PATH: 
  C:\Program Files\AdoptOpenJDK\jdk-11.0.10.9-openj9\bin;C:\Program Files (x86)\Common Files\Oracle\Java\javapath;C:\Python27\;C:\Python27\Scripts;C:\Python39\Scripts\;C:\Python39\;C:\Program Files (x86)\VMware\VMware Workstation\bin\;C:\Windows\system32;C:\Windows;C:\Windows\System32\Wbem;C:\Windows\System32\WindowsPowerShell\v1.0\;C:\Windows\System32\OpenSSH\;C:\Program Files\dotnet\;C:\Program Files\Git\cmd;C:\Go\bin;C:\ProgramData\chocolatey\bin;C:\Program Files\LLVM\bin;C:\tool\Qt\5.15.2\msvc2019\bin;C:\Program Files\CMake\bin;C:\Program Files\nodejs\;%JAVA_HOME%\bin---;C:\tool\maven\bin\;C:\Users\watsen\.cargo\bin;C:\Users\watsen\AppData\Local\Microsoft\WindowsApps;C:\Users\watsen\.dotnet\tools;C:\Users\watsen\AppData\Local\Programs\Microsoft VS Code\bin;C:\Users\watsen\go\bin;C:\Users\watsen\AppData\Local\Programs\Fiddler;C:\Users\watsen\.dotnet\tools;C:\tool\Qt\5.15.2\msvc2019\bin;C:\Users\watsen\AppData\Roaming\npm

Yarn version: 
  1.22.10

Node version: 
  14.17.1

Platform: 
  win32 x64

Trace: 
  Error: EPERM: operation not permitted, unlink 'C:\code\mylab\node_demo\cs.framework_client\csViteReact\node_modules\esbuild\esbuild.exe'

npm manifest: 
  {
    "name": "vitereact",
    "version": "0.0.0",
    "scripts": {
      "dev": "vite",
      "build": "tsc && vite build",
      "serve": "vite preview",
      "test": "jest test --passWithNoTests --coverage",
      "preinstal---l": "typesync"
    },
    "dependencies": {
      "@ant-design/icons": "^4.6.4",
      "ahooks": "^2.10.9",
      "antd": "^4.16.13",
      "i18next": "^20.6.0",
      "jsonwebtoken": "^8.5.1",
      "lodash-es": "^4.17.21",
      "mitt": "^3.0.0",
      "prettier": "^2.3.2",
      "react": "^17.0.0",
      "react-dom": "^17.0.0",
      "react-i18next": "^11.11.4",
      "react-router-dom": "^5.3.0",
      "recoil": "^0.4.1",
      "uuid": "^8.3.2",
      "vue": "^3.2.9"
    },
    "devDependencies": {
      "@testing-library/jest-dom": "^5.14.1",
      "@testing-library/react": "^12.0.0",
      "@testing-library/user-event": "^13.2.1",
      "@types/jest": "^27.0.1",
      "@types/jsonwebtoken": "^8.5.5",
      "@types/lodash-es": "^4.17.4",
      "@types/prettier": "^2.3.2",
      "@types/react": "^17.0.0",
      "@types/react-dom": "^17.0.0",
      "@types/react-router-dom": "^5.1.8",
      "@types/testing-library__jest-dom": "^5.14.1",
      "@types/testing-library__user-event": "^4.2.0",
      "@types/uuid": "^8.3.1",
      "@vitejs/plugin-react-refresh": "^1.3.1",
      "typescript": "^4.3.2",
      "typesync": "^0.8.0",
      "vite": "^2.5.2"
    }
  }

yarn manifest: 
  No manifest

Lockfile: 
  No lockfile
